[ 2018-11-15T12:10:49+08:00 ] ::1 /shop/index.php/Admin/Manger/login
ERR: 无法加载控制器:Manger

[ 2018-11-15T12:10:55+08:00 ] ::1 /shop/index.php/Admin/Maneger/login
ERR: 无法加载控制器:Maneger

[ 2018-11-15T12:11:52+08:00 ] ::1 /shop/index.php/Admin/Manager/verifyImg0.8511369543847442
ERR: 非法操作:verifyImg0.8511369543847442

[ 2018-11-15T12:11:55+08:00 ] ::1 /shop/index.php/Admin/Manager/verifyImg0.7386836647853932
ERR: 非法操作:verifyImg0.7386836647853932

[ 2018-11-15T12:12:40+08:00 ] ::1 /shop/index.php/Admin/Manager/verifyImg0.5653853973126839
ERR: 非法操作:verifyImg0.5653853973126839

[ 2018-11-15T12:12:43+08:00 ] ::1 /shop/index.php/Admin/Manager/verifyImg0.4517650461171172
ERR: 非法操作:verifyImg0.4517650461171172

[ 2018-11-15T12:12:45+08:00 ] ::1 /shop/index.php/Admin/Manager/verifyImg0.5863713138065021
ERR: 非法操作:verifyImg0.5863713138065021

[ 2018-11-15T16:24:24+08:00 ] ::1 /shop/index.php/Admin/Good/shop/
ERR: 非法操作:shop

[ 2018-11-15T16:25:01+08:00 ] ::1 /shop/index.php/Admin/Good/shop
ERR: 非法操作:shop

[ 2018-11-15T18:44:23+08:00 ] ::1 /shop/index.php/Admin/Manager/login.php
ERR: SQLSTATE[42S22]: Column not found: 1054 Champ 'qq252512' inconnu dans where clause

[ 2018-11-15T18:50:25+08:00 ] ::1 /shop/index.php/Admin/Manager/login.php
ERR: SQLSTATE[42000]: Syntax error or access violation: 1064 Erreur de syntaxe près de 'ma_pwd=123456' à la ligne 1

[ 2018-11-15T18:52:38+08:00 ] ::1 /shop/index.php/Admin/Manager/login.php
ERR: SQLSTATE[42S22]: Column not found: 1054 Champ '123456' inconnu dans where clause

[ 2018-11-15T19:09:16+08:00 ] ::1 /shop/index.php/Admin/Index/logout
ERR: 非法操作:logout

[ 2018-11-15T19:09:48+08:00 ] ::1 /shop/index.php/Admin/Index/__MODEL__/Manager/logout
ERR: 非法操作:__MODEL__

[ 2018-11-15T20:06:00+08:00 ] ::1 /shop/index.php/Admin/Manager/login/error/%E8%B4%A6%E5%8F%B7%E6%88%96%E5%AF%86%E7%A0%81%E9%94%99%E8%AF%AF.php
ERR: SQLSTATE[42S22]: Column not found: 1054 Champ 'mg_name' inconnu dans where clause

